###############################################################################
#                                                                             #
#     IAR Assembler V7.40.2.8542/W32 for ARM 25/Jan/2016  11:46:45            #
#     Copyright 1999-2015 IAR Systems AB.                                     #
#                                                                             #
#           Source file   =  C:\Users\B55335\Desktop\github\FRDM_KL03_SC\kl03_frdm_demo\src\cpu\crt0.s#
#           List file     =  C:\Users\B55335\Desktop\github\FRDM_KL03_SC\kl03_frdm_demo\build\iar\platinum\FLASH_32KB\List\crt0.lst#
#           Object file   =  C:\Users\B55335\Desktop\github\FRDM_KL03_SC\kl03_frdm_demo\build\iar\platinum\FLASH_32KB\Obj\crt0.o#
#           Command line  =  C:\Users\B55335\Desktop\github\FRDM_KL03_SC\kl03_frdm_demo\src\cpu\crt0.s #
#                            -OC:\Users\B55335\Desktop\github\FRDM_KL03_SC\kl03_frdm_demo\build\iar\platinum\FLASH_32KB\Obj\ #
#                            -s+ -M<> -w+ -r                                  #
#                            -LC:\Users\B55335\Desktop\github\FRDM_KL03_SC\kl03_frdm_demo\build\iar\platinum\FLASH_32KB\List\ #
#                            -t8 --cpu ARM7TDMI --fpu None                    #
#                                                                             #
###############################################################################

                                        CPSIE   i                       ;
                        Unmask interrupts
                                --------^
                                "C:\Users\B55335\Desktop\github\FRDM_KL03_SC\k
                       l03_frdm_demo\src\cpu\crt0.s",24  Error[438]: This
                        instruction is not availab
                                le in the selected cpu/core


    1                           /*
    2                            * File:        crt0.s
    3                            * Purpose:     Lowest level routines for
                                 Kinetis.
    4                            *
    5                            * Notes:       
    6                            *
    7                            */
    8                           
    9                           
   10                           ;         AREA   Crt0, CODE, READONLY      ;
                                 name this block of code
   11                             SECTION .noinit : CODE
   12                           
   13                                   EXPORT  __startup
   14                           __startup
   15    00000000 0000A0E3          LDR     r0,=0                   ;
                                                                     Initialize
                                                                     the
                                                                     GPRs
   16    00000004 0010A0E3              LDR     r1,=0
   17    00000008 0020A0E3              LDR     r2,=0
   18    0000000C 0030A0E3              LDR     r3,=0
   19    00000010 0040A0E3              LDR     r4,=0
   20    00000014 0050A0E3              LDR     r5,=0
   21    00000018 0060A0E3              LDR     r6,=0
   22    0000001C 0070A0E3              LDR     r7,=0
   23                           
                                        CPSIE   i                       ;
                        Unmask interrupts
                                --------^
                                "C:\Users\B55335\Desktop\github\FRDM_KL03_SC\k
                       l03_frdm_demo\src\cpu\crt0.s",24  Error[438]: This
                        instruction is not availab
                                le in the selected cpu/core
   25                                   import start
   26    00000020 ........              BL      start               ; call the
                                                                     C
                                                                     code
   27                           __done
   28    00000024 FEFFFFEA              B       __done
   29                           
   30                                   END
##############################
#        Errors:   1         #
#        Warnings: 0         #
#         Bytes: 40          #
##############################



